# JRE version: OpenJDK Runtime Environment (11.0.10) (build 11.0.10+0-b96-7249189)
# Java VM: OpenJDK 64-Bit Server VM (11.0.10+0-b96-7249189, mixed mode, tiered, compressed oops, g1 gc, windows-amd64)
Heap:
 garbage-first heap   total 522240K, used 408738K [0x0000000080000000, 0x0000000100000000)
  region size 1024K, 176 young (180224K), 11 survivors (11264K)
 Metaspace       used 141362K, capacity 146592K, committed 146636K, reserved 1175552K
  class space    used 18193K, capacity 20129K, committed 20172K, reserved 1048576K
GC Heap History (20 events):
Event: 9.224 GC heap before
{Heap before GC invocations=11 (full 0):
 garbage-first heap   total 522240K, used 311409K [0x0000000080000000, 0x0000000100000000)
  region size 1024K, 251 young (257024K), 28 survivors (28672K)
 Metaspace       used 97592K, capacity 100681K, committed 100696K, reserved 1136640K
  class space    used 12801K, capacity 13937K, committed 13952K, reserved 1048576K
}
Event: 9.266 GC heap after
{Heap after GC invocations=12 (full 0):
 garbage-first heap   total 522240K, used 97369K [0x0000000080000000, 0x0000000100000000)
  region size 1024K, 28 young (28672K), 28 survivors (28672K)
 Metaspace       used 97592K, capacity 100681K, committed 100696K, reserved 1136640K
  class space    used 12801K, capacity 13937K, committed 13952K, reserved 1048576K
}
Event: 2169.612 GC heap before
{Heap before GC invocations=13 (full 0):
 garbage-first heap   total 522240K, used 373849K [0x0000000080000000, 0x0000000100000000)
  region size 1024K, 288 young (294912K), 28 survivors (28672K)
 Metaspace       used 105501K, capacity 109090K, committed 109260K, reserved 1142784K
  class space    used 13681K, capacity 15018K, committed 15052K, reserved 1048576K
}
Event: 2169.643 GC heap after
{Heap after GC invocations=14 (full 0):
 garbage-first heap   total 522240K, used 128552K [0x0000000080000000, 0x0000000100000000)
  region size 1024K, 36 young (36864K), 36 survivors (36864K)
 Metaspace       used 105501K, capacity 109090K, committed 109260K, reserved 1142784K
  class space    used 13681K, capacity 15018K, committed 15052K, reserved 1048576K
}
Event: 2170.732 GC heap before
{Heap before GC invocations=14 (full 0):
 garbage-first heap   total 522240K, used 406056K [0x0000000080000000, 0x0000000100000000)
  region size 1024K, 293 young (300032K), 36 survivors (36864K)
 Metaspace       used 113955K, capacity 117615K, committed 117836K, reserved 1150976K
  class space    used 14507K, capacity 15851K, committed 15948K, reserved 1048576K
}
Event: 2170.758 GC heap after
{Heap after GC invocations=15 (full 0):
 garbage-first heap   total 522240K, used 136024K [0x0000000080000000, 0x0000000100000000)
  region size 1024K, 6 young (6144K), 6 survivors (6144K)
 Metaspace       used 113955K, capacity 117615K, committed 117836K, reserved 1150976K
  class space    used 14507K, capacity 15851K, committed 15948K, reserved 1048576K
}
Event: 2171.809 GC heap before
{Heap before GC invocations=15 (full 0):
 garbage-first heap   total 522240K, used 418648K [0x0000000080000000, 0x0000000100000000)
  region size 1024K, 266 young (272384K), 6 survivors (6144K)
 Metaspace       used 122497K, capacity 126706K, committed 126796K, reserved 1159168K
  class space    used 15863K, capacity 17403K, committed 17484K, reserved 1048576K
}
Event: 2171.845 GC heap after
{Heap after GC invocations=16 (full 0):
 garbage-first heap   total 522240K, used 185856K [0x0000000080000000, 0x0000000100000000)
  region size 1024K, 34 young (34816K), 34 survivors (34816K)
 Metaspace       used 122497K, capacity 126706K, committed 126796K, reserved 1159168K
  class space    used 15863K, capacity 17403K, committed 17484K, reserved 1048576K
}
Event: 2171.888 GC heap before
{Heap before GC invocations=16 (full 0):
 garbage-first heap   total 522240K, used 189952K [0x0000000080000000, 0x0000000100000000)
  region size 1024K, 38 young (38912K), 34 survivors (34816K)
 Metaspace       used 122633K, capacity 126915K, committed 127052K, reserved 1159168K
  class space    used 15886K, capacity 17471K, committed 17484K, reserved 1048576K
}
Event: 2171.921 GC heap after
{Heap after GC invocations=17 (full 0):
 garbage-first heap   total 522240K, used 192879K [0x0000000080000000, 0x0000000100000000)
  region size 1024K, 5 young (5120K), 5 survivors (5120K)
 Metaspace       used 122633K, capacity 126915K, committed 127052K, reserved 1159168K
  class space    used 15886K, capacity 17471K, committed 17484K, reserved 1048576K
}
Event: 2172.602 GC heap before
{Heap before GC invocations=17 (full 0):
 garbage-first heap   total 522240K, used 317807K [0x0000000080000000, 0x0000000100000000)
  region size 1024K, 124 young (126976K), 5 survivors (5120K)
 Metaspace       used 124347K, capacity 128716K, committed 128844K, reserved 1161216K
  class space    used 16067K, capacity 17674K, committed 17740K, reserved 1048576K
}
Event: 2172.612 GC heap after
{Heap after GC invocations=18 (full 0):
 garbage-first heap   total 522240K, used 205689K [0x0000000080000000, 0x0000000100000000)
  region size 1024K, 14 young (14336K), 14 survivors (14336K)
 Metaspace       used 124347K, capacity 128716K, committed 128844K, reserved 1161216K
  class space    used 16067K, capacity 17674K, committed 17740K, reserved 1048576K
}
Event: 2172.874 GC heap before
{Heap before GC invocations=18 (full 0):
 garbage-first heap   total 522240K, used 345977K [0x0000000080000000, 0x0000000100000000)
  region size 1024K, 141 young (144384K), 14 survivors (14336K)
 Metaspace       used 124913K, capacity 129179K, committed 129356K, reserved 1161216K
  class space    used 16123K, capacity 17696K, committed 17740K, reserved 1048576K
}
Event: 2172.889 GC heap after
{Heap after GC invocations=19 (full 0):
 garbage-first heap   total 522240K, used 223732K [0x0000000080000000, 0x0000000100000000)
  region size 1024K, 10 young (10240K), 10 survivors (10240K)
 Metaspace       used 124913K, capacity 129179K, committed 129356K, reserved 1161216K
  class space    used 16123K, capacity 17696K, committed 17740K, reserved 1048576K
}
Event: 2173.212 GC heap before
{Heap before GC invocations=19 (full 0):
 garbage-first heap   total 522240K, used 356852K [0x0000000080000000, 0x0000000100000000)
  region size 1024K, 141 young (144384K), 10 survivors (10240K)
 Metaspace       used 125172K, capacity 129510K, committed 129612K, reserved 1161216K
  class space    used 16147K, capacity 17731K, committed 17740K, reserved 1048576K
}
Event: 2173.216 GC heap after
{Heap after GC invocations=20 (full 0):
 garbage-first heap   total 522240K, used 217736K [0x0000000080000000, 0x0000000100000000)
  region size 1024K, 11 young (11264K), 11 survivors (11264K)
 Metaspace       used 125172K, capacity 129510K, committed 129612K, reserved 1161216K
  class space    used 16147K, capacity 17731K, committed 17740K, reserved 1048576K
}
Event: 2174.581 GC heap before
{Heap before GC invocations=20 (full 0):
 garbage-first heap   total 522240K, used 374408K [0x0000000080000000, 0x0000000100000000)
  region size 1024K, 159 young (162816K), 11 survivors (11264K)
 Metaspace       used 135228K, capacity 139996K, committed 140108K, reserved 1169408K
  class space    used 17468K, capacity 19218K, committed 19276K, reserved 1048576K
}
Event: 2174.590 GC heap after
{Heap after GC invocations=21 (full 0):
 garbage-first heap   total 522240K, used 227202K [0x0000000080000000, 0x0000000100000000)
  region size 1024K, 20 young (20480K), 20 survivors (20480K)
 Metaspace       used 135228K, capacity 139996K, committed 140108K, reserved 1169408K
  class space    used 17468K, capacity 19218K, committed 19276K, reserved 1048576K
}
Event: 2379.834 GC heap before
{Heap before GC invocations=21 (full 0):
 garbage-first heap   total 522240K, used 408450K [0x0000000080000000, 0x0000000100000000)
  region size 1024K, 172 young (176128K), 20 survivors (20480K)
 Metaspace       used 140234K, capacity 145410K, committed 145484K, reserved 1175552K
  class space    used 18112K, capacity 20017K, committed 20044K, reserved 1048576K
}
Event: 2379.843 GC heap after
{Heap after GC invocations=22 (full 0):
 garbage-first heap   total 522240K, used 224418K [0x0000000080000000, 0x0000000100000000)
  region size 1024K, 11 young (11264K), 11 survivors (11264K)
 Metaspace       used 140234K, capacity 145410K, committed 145484K, reserved 1175552K
  class space    used 18112K, capacity 20017K, committed 20044K, reserved 1048576K
}

